\BOOKMARK [1][-]{section*.2}{\376\377\000N\000o\000m\000e\000n\000c\000l\000a\000t\000u\000r\000e}{}% 1
\BOOKMARK [1][-]{section*.4}{\376\377\000A\000b\000b\000r\000e\000v\000i\000a\000t\000i\000o\000n\000s}{}% 2
\BOOKMARK [1][-]{section.1}{\376\377\000I\000n\000t\000r\000o\000d\000u\000c\000t\000i\000o\000n}{}% 3
\BOOKMARK [1][-]{section.2}{\376\377\000L\000i\000t\000e\000r\000a\000t\000u\000r\000e\000\040\000r\000e\000v\000i\000e\000w}{}% 4
\BOOKMARK [1][-]{section.3}{\376\377\000M\000o\000n\000e\000t\000i\000z\000i\000n\000g\000\040\000f\000l\000e\000x\000i\000b\000i\000l\000i\000t\000y}{}% 5
\BOOKMARK [2][-]{subsection.3.1}{\376\377\000m\000F\000R\000R}{section.3}% 6
\BOOKMARK [2][-]{subsection.3.2}{\376\377\000L\000o\000a\000d\000\040\000s\000h\000i\000f\000t\000i\000n\000g}{section.3}% 7
\BOOKMARK [1][-]{section.4}{\376\377\000G\000r\000e\000y\000-\000b\000o\000x\000\040\000m\000o\000d\000e\000l\000l\000i\000n\000g}{}% 8
\BOOKMARK [2][-]{subsection.4.1}{\376\377\000P\000r\000e\000d\000i\000c\000t\000i\000o\000n\000\040\000e\000r\000r\000o\000r\000\040\000m\000e\000t\000h\000o\000d\000\040\000v\000s\000\040\000s\000i\000m\000u\000l\000a\000t\000i\000o\000n\000\040\000e\000r\000r\000o\000r\000s}{section.4}% 9
\BOOKMARK [1][-]{section.5}{\376\377\000T\000h\000e\000r\000m\000o\000s\000t\000a\000t\000i\000c\000a\000l\000l\000y\000\040\000c\000o\000n\000t\000r\000o\000l\000l\000e\000d\000\040\000l\000o\000a\000d\000s}{}% 10
\BOOKMARK [2][-]{subsection.5.1}{\376\377\000V\000i\000s\000u\000a\000l\000i\000z\000a\000t\000i\000o\000n\000\040\000o\000f\000\040\000f\000r\000e\000e\000z\000e\000r\000\040\000m\000e\000a\000s\000u\000r\000e\000m\000e\000n\000t\000s}{section.5}% 11
\BOOKMARK [2][-]{subsection.5.2}{\376\377\000T\000h\000e\000r\000m\000a\000l\000\040\000m\000o\000d\000e\000l\000l\000i\000n\000g\000\040\000o\000f\000\040\000f\000r\000e\000e\000z\000e\000r}{section.5}% 12
\BOOKMARK [2][-]{subsection.5.3}{\376\377\000V\000a\000l\000i\000d\000a\000t\000i\000o\000n\000\040\000a\000n\000d\000\040\000s\000i\000m\000u\000l\000a\000t\000i\000o\000n}{section.5}% 13
\BOOKMARK [1][-]{section.6}{\376\377\000O\000p\000t\000i\000m\000i\000z\000a\000t\000i\000o\000n\000\040\000m\000o\000d\000e\000l}{}% 14
\BOOKMARK [2][-]{subsection.6.1}{\376\377\000O\000b\000j\000e\000c\000t\000i\000v\000e\000\040\000f\000u\000n\000c\000t\000i\000o\000n}{section.6}% 15
\BOOKMARK [2][-]{subsection.6.2}{\376\377\000S\000c\000e\000n\000a\000r\000i\000o\000\040\000g\000e\000n\000e\000r\000a\000t\000i\000o\000n}{section.6}% 16
\BOOKMARK [2][-]{subsection.6.3}{\376\377\000D\000e\000c\000o\000m\000p\000o\000s\000i\000t\000i\000o\000n}{section.6}% 17
\BOOKMARK [1][-]{section.7}{\376\377\000R\000e\000s\000u\000l\000t\000s}{}% 18
\BOOKMARK [2][-]{subsection.7.1}{\376\377\000A\000D\000M\000M}{section.7}% 19
\BOOKMARK [2][-]{subsection.7.2}{\376\377\000L\000o\000o\000k\000b\000a\000c\000k}{section.7}% 20
\BOOKMARK [2][-]{subsection.7.3}{\376\377\000L\000o\000a\000d\000\040\000s\000h\000i\000f\000t\000i\000n\000g\000\040\000v\000s\000\040\000m\000F\000R\000R}{section.7}% 21
\BOOKMARK [1][-]{section.8}{\376\377\000D\000i\000s\000c\000u\000s\000s\000i\000o\000n}{}% 22
\BOOKMARK [1][-]{section.9}{\376\377\000C\000o\000n\000c\000l\000u\000s\000i\000o\000n}{}% 23
\BOOKMARK [1][-]{section*.16}{\376\377\000A\000p\000p\000e\000n\000d\000i\000c\000e\000s}{}% 24
\BOOKMARK [2][-]{subsection.Alph0.1}{\376\377\000A\000p\000p\000e\000n\000d\000i\000x}{section*.16}% 25
